{
  "RSpec": {
    "coverage": {
    },
    "timestamp": 1372488279
  },
  "Cucumber Features": {
    "coverage": {
      "/Users/treach3r/dev/MemoryBox/features/step_definitions/cloudinary_steps.rb": [
        1,
        0,
        null,
        null,
        1,
        0,
        null
      ],
      "/Users/treach3r/dev/MemoryBox/features/step_definitions/entry_steps.rb": [
        1,
        4,
        6,
        6,
        6,
        null,
        null,
        null,
        1,
        1,
        null,
        null,
        1,
        1,
        null,
        null,
        1,
        1,
        null,
        null,
        1,
        2,
        null,
        null,
        1,
        1,
        null,
        null,
        1,
        1,
        null,
        null,
        1,
        1,
        null
      ],
      "/Users/treach3r/dev/MemoryBox/features/step_definitions/invitation_steps.rb": [
        1,
        1,
        1,
        1,
        null,
        null,
        1,
        0,
        0,
        null,
        null,
        1,
        1,
        1,
        null,
        null,
        1,
        2,
        2,
        null
      ],
      "/Users/treach3r/dev/MemoryBox/features/step_definitions/memory_box_steps.rb": [
        1,
        10,
        10,
        null,
        null,
        null,
        1,
        1,
        null,
        null,
        1,
        2,
        null,
        null,
        1,
        1,
        null,
        null,
        1,
        1,
        null,
        null,
        1,
        1,
        null,
        null,
        1,
        1,
        null,
        null,
        1,
        1,
        null
      ],
      "/Users/treach3r/dev/MemoryBox/features/step_definitions/shared_steps.rb": [
        1,
        0,
        null,
        null,
        1,
        0,
        null,
        null,
        1,
        13,
        null,
        null,
        1,
        0,
        null,
        null,
        1,
        5,
        null
      ],
      "/Users/treach3r/dev/MemoryBox/app/models/member.rb": [
        1,
        1,
        1,
        null,
        1,
        null
      ],
      "/Users/treach3r/dev/MemoryBox/app/models/memory_box.rb": [
        1,
        1,
        null,
        1,
        null,
        1,
        1,
        1,
        1,
        null,
        1,
        1,
        null,
        null,
        1,
        3,
        null,
        null,
        1,
        1,
        null,
        null,
        1,
        1,
        1,
        null,
        null,
        1,
        6,
        null,
        null,
        1,
        3,
        0,
        null,
        3,
        null,
        null,
        null
      ],
      "/Users/treach3r/dev/MemoryBox/app/controllers/api/entries_controller.rb": [
        1,
        null,
        1,
        1,
        null,
        1,
        1,
        1,
        null,
        null,
        1,
        1,
        1,
        null,
        null,
        1,
        1,
        1,
        null,
        null,
        1,
        1,
        1,
        null,
        null,
        1,
        1,
        1,
        null,
        null,
        1,
        null,
        1,
        5,
        null,
        null,
        1,
        2,
        null,
        null,
        1,
        3,
        null,
        null
      ],
      "/Users/treach3r/dev/MemoryBox/app/controllers/api/application_controller.rb": [
        1,
        null,
        1,
        null,
        1,
        1,
        null,
        1,
        6,
        0,
        null,
        null,
        null
      ],
      "/Users/treach3r/dev/MemoryBox/app/models/entry.rb": [
        1,
        1,
        null,
        1,
        4,
        null,
        null,
        1,
        null,
        1,
        null,
        null
      ],
      "/Users/treach3r/dev/MemoryBox/app/serializers/entry_serializer.rb": [
        1,
        1,
        null
      ],
      "/Users/treach3r/dev/MemoryBox/app/controllers/api/invitations_controller.rb": [
        1,
        null,
        1,
        null,
        1,
        1,
        1,
        1,
        null,
        null,
        null,
        1,
        0,
        0,
        null,
        null,
        1,
        0,
        0,
        null,
        null,
        1,
        0,
        0,
        null,
        null,
        1,
        0,
        0,
        null,
        null,
        1,
        0,
        0,
        null,
        null,
        1,
        null,
        1,
        1,
        null,
        null
      ],
      "/Users/treach3r/dev/MemoryBox/app/models/invitation.rb": [
        1,
        null,
        1,
        1,
        null,
        1,
        null,
        1,
        1,
        null,
        3,
        null,
        1,
        null,
        1,
        2,
        2,
        null,
        null,
        1,
        6,
        null,
        null
      ],
      "/Users/treach3r/dev/MemoryBox/app/mailers/invitation_mailer.rb": [
        1,
        1,
        null,
        1,
        2,
        2,
        2,
        2,
        2,
        null,
        null
      ],
      "/Users/treach3r/dev/MemoryBox/app/controllers/api/memory_boxes_controller.rb": [
        1,
        null,
        1,
        null,
        1,
        1,
        1,
        null,
        null,
        1,
        1,
        1,
        1,
        null,
        null,
        1,
        1,
        1,
        null,
        null,
        1,
        0,
        null,
        null,
        1,
        1,
        1,
        null,
        null,
        1,
        1,
        1,
        null,
        null,
        1,
        null,
        1,
        2,
        null,
        null,
        1,
        2,
        null,
        null,
        null
      ],
      "/Users/treach3r/dev/MemoryBox/app/serializers/memory_box_serializer.rb": [
        1,
        1,
        null,
        1,
        3,
        null,
        null
      ],
      "/Users/treach3r/dev/MemoryBox/app/serializers/memory_box_show_serializer.rb": [
        1,
        1,
        null,
        1,
        2,
        null,
        null,
        1,
        1,
        1,
        1,
        null,
        null,
        null,
        1,
        1,
        null,
        1,
        0,
        2,
        null,
        null
      ]
    },
    "timestamp": 1372488280
  }
}
